[2020-04-12 09:15:51.016] [renderer1] [warning] UNRESPONSIVE extension host, 'Wscats.eno' took 97% of 1879.845ms, saved PROFILE here: '/tmp/exthost-362a67.cpuprofile' [{"id":"gc","total":8396,"percentage":0},{"id":"program","total":325,"percentage":0},{"id":"self","total":49084,"percentage":3},{"id":"Wscats.eno","total":1821715,"percentage":97}]
[2020-04-12 09:22:06.464] [renderer1] [error] <semantic> TypeScript Server Error (3.8.3)
Debug Failure. False expression: `JsxText` tokens should not be the first child of `JsxElement | JsxSelfClosingElement`
Error: Debug Failure. False expression: `JsxText` tokens should not be the first child of `JsxElement | JsxSelfClosingElement`
    at findRightmostChildNodeWithTokens (tsserver.js:106401:26)
    at find (tsserver.js:106378:29)
    at findPrecedingToken (tsserver.js:106342:22)
    at getTokenAtPositionWorker (tsserver.js:106292:41)
    at getTouchingToken (tsserver.js:106266:16)
    at Object.getTouchingPropertyName (tsserver.js:106258:16)
    at Proxy.getQuickInfoAtPosition (tsserver.js:135375:27)
    at IOSession.Session.getQuickInfoWorker (tsserver.js:145332:62)
    at Session.handlers.ts.createMapFromTemplate._a.<computed> (tsserver.js:144335:61)
    at tsserver.js:146003:88
    at IOSession.Session.executeWithRequestId (tsserver.js:145994:28)
    at IOSession.Session.executeCommand (tsserver.js:146003:33)
    at IOSession.Session.onMessage (tsserver.js:146027:35)
    at Interface.<anonymous> (tsserver.js:147342:27)
    at Interface.emit (events.js:203:13)
    at Interface._onLine (readline.js:316:10)
    at Interface._normalWrite (readline.js:461:12)
    at Socket.ondata (readline.js:172:10)
    at Socket.emit (events.js:203:13)
    at addChunk (_stream_readable.js:295:12)
    at readableAddChunk (_stream_readable.js:276:11)
    at Socket.Readable.push (_stream_readable.js:210:10)
    at Pipe.onStreamRead (internal/stream_base_commons.js:166:17): Error: <semantic> TypeScript Server Error (3.8.3)
Debug Failure. False expression: `JsxText` tokens should not be the first child of `JsxElement | JsxSelfClosingElement`
Error: Debug Failure. False expression: `JsxText` tokens should not be the first child of `JsxElement | JsxSelfClosingElement`
    at findRightmostChildNodeWithTokens (tsserver.js:106401:26)
    at find (tsserver.js:106378:29)
    at findPrecedingToken (tsserver.js:106342:22)
    at getTokenAtPositionWorker (tsserver.js:106292:41)
    at getTouchingToken (tsserver.js:106266:16)
    at Object.getTouchingPropertyName (tsserver.js:106258:16)
    at Proxy.getQuickInfoAtPosition (tsserver.js:135375:27)
    at IOSession.Session.getQuickInfoWorker (tsserver.js:145332:62)
    at Session.handlers.ts.createMapFromTemplate._a.<computed> (tsserver.js:144335:61)
    at tsserver.js:146003:88
    at IOSession.Session.executeWithRequestId (tsserver.js:145994:28)
    at IOSession.Session.executeCommand (tsserver.js:146003:33)
    at IOSession.Session.onMessage (tsserver.js:146027:35)
    at Interface.<anonymous> (tsserver.js:147342:27)
    at Interface.emit (events.js:203:13)
    at Interface._onLine (readline.js:316:10)
    at Interface._normalWrite (readline.js:461:12)
    at Socket.ondata (readline.js:172:10)
    at Socket.emit (events.js:203:13)
    at addChunk (_stream_readable.js:295:12)
    at readableAddChunk (_stream_readable.js:276:11)
    at Socket.Readable.push (_stream_readable.js:210:10)
    at Pipe.onStreamRead (internal/stream_base_commons.js:166:17)
	at Function.create (/usr/share/code/resources/app/extensions/typescript-language-features/dist/extension.js:1:52622)
	at e.dispatchResponse (/usr/share/code/resources/app/extensions/typescript-language-features/dist/extension.js:1:220920)
	at e.dispatchMessage (/usr/share/code/resources/app/extensions/typescript-language-features/dist/extension.js:1:219838)
	at /usr/share/code/resources/app/extensions/typescript-language-features/dist/extension.js:1:219314
	at e.fire (/usr/share/code/resources/app/out/vs/workbench/services/extensions/node/extensionHostProcess.js:48:497)
	at t.Reader.onLengthData (/usr/share/code/resources/app/extensions/typescript-language-features/dist/extension.js:1:227976)
	at Socket.<anonymous> (/usr/share/code/resources/app/extensions/typescript-language-features/dist/extension.js:1:227624)
	at Socket.emit (events.js:203:13)
	at addChunk (_stream_readable.js:295:12)
	at readableAddChunk (_stream_readable.js:276:11)
	at Socket.Readable.push (_stream_readable.js:210:10)
	at Pipe.onStreamRead (internal/stream_base_commons.js:166:17)
